<?xml version="1.0" encoding="UTF-8"?>
<testsuite name="chess.BoardTest" tests="1" skipped="0" failures="0" errors="0" timestamp="2024-03-05T16:18:31" hostname="isuhyeons-MacBook-Pro.local" time="0.007">
  <properties/>
  <testcase name="create()" classname="chess.BoardTest" time="0.007"/>
  <system-out><![CDATA[]]></system-out>
  <system-err><![CDATA[]]></system-err>
</testsuite>
