<?xml version="1.0" encoding="UTF-8"?>
<testsuite name="PawnTest" tests="1" skipped="0" failures="0" errors="0" timestamp="2024-03-05T15:28:13" hostname="isuhyeons-MacBook-Pro.local" time="0.007">
  <properties/>
  <testcase name="색상을 입력하지 않으면 흰색 폰이 생성되어야 한다" classname="PawnTest" time="0.007"/>
  <system-out><![CDATA[]]></system-out>
  <system-err><![CDATA[]]></system-err>
</testsuite>
