<?xml version="1.0" encoding="UTF-8"?>
<testsuite name="chess.BoardTest" tests="1" skipped="0" failures="0" errors="0" timestamp="2024-03-07T10:07:23" hostname="isuhyeons-MacBook-Pro.local" time="0.006">
  <properties/>
  <testcase name="print()" classname="chess.BoardTest" time="0.006"/>
  <system-out><![CDATA[]]></system-out>
  <system-err><![CDATA[]]></system-err>
</testsuite>
